2021-12-17T16:23:44+00:00 CRITICAL Uncaught Error: Undefined constant "WP_ENVIRONMENT_TYPE" in C:\xampp\htdocs\duytuan\wp-content\plugins\woocommerce\packages\woocommerce-admin\src\Schedulers\MailchimpScheduler.php:90
Stack trace:
#0 C:\xampp\htdocs\duytuan\wp-content\plugins\woocommerce\packages\woocommerce-admin\src\Schedulers\MailchimpScheduler.php(90): constant('WP_ENVIRONMENT_...')
#1 C:\xampp\htdocs\duytuan\wp-content\plugins\woocommerce\packages\woocommerce-admin\src\Schedulers\MailchimpScheduler.php(58): Automattic\WooCommerce\Admin\Schedulers\MailchimpScheduler->make_request('haduytuan1994@g...')
#2 C:\xampp\htdocs\duytuan\wp-content\plugins\woocommerce\packages\woocommerce-admin\src\Events.php(109): Automattic\WooCommerce\Admin\Schedulers\MailchimpScheduler->run()
#3 C:\xampp\htdocs\duytuan\wp-includes\class-wp-hook.php(303): Automattic\WooCommerce\Admin\Events->do_wc_admin_daily()
#4 C:\xampp\htdocs\duytuan\wp-includes\class-wp-hook.php(327): WP_Hook->apply_filters('', Array)
#5 C:\xampp\htdocs\duytuan\wp-includes\plugin.php(518): WP_Hook->do_action(Array)
#6 C:\xampp\htdocs\duytuan\wp-cron.php(138): do_action_ref_array('wc_admin_daily', Array)
#7 {main}
  thrown in C:\xampp\htdocs\duytuan\wp-content\plugins\woocommerce\packages\woocommerce-admin\src\Schedulers\MailchimpScheduler.php on line 90

2021-12-17T16:26:53+00:00 CRITICAL Uncaught Error: Undefined constant "WP_ENVIRONMENT_TYPE" in C:\xampp\htdocs\duytuan\wp-content\plugins\woocommerce\packages\woocommerce-admin\src\Schedulers\MailchimpScheduler.php:90
Stack trace:
#0 C:\xampp\htdocs\duytuan\wp-content\plugins\woocommerce\packages\woocommerce-admin\src\Schedulers\MailchimpScheduler.php(90): constant('WP_ENVIRONMENT_...')
#1 C:\xampp\htdocs\duytuan\wp-content\plugins\woocommerce\packages\woocommerce-admin\src\Schedulers\MailchimpScheduler.php(58): Automattic\WooCommerce\Admin\Schedulers\MailchimpScheduler->make_request('haduytuan1994@g...')
#2 C:\xampp\htdocs\duytuan\wp-content\plugins\woocommerce\packages\woocommerce-admin\src\Events.php(109): Automattic\WooCommerce\Admin\Schedulers\MailchimpScheduler->run()
#3 C:\xampp\htdocs\duytuan\wp-includes\class-wp-hook.php(303): Automattic\WooCommerce\Admin\Events->do_wc_admin_daily()
#4 C:\xampp\htdocs\duytuan\wp-includes\class-wp-hook.php(327): WP_Hook->apply_filters('', Array)
#5 C:\xampp\htdocs\duytuan\wp-includes\plugin.php(518): WP_Hook->do_action(Array)
#6 C:\xampp\htdocs\duytuan\wp-cron.php(138): do_action_ref_array('wc_admin_daily', Array)
#7 {main}
  thrown in C:\xampp\htdocs\duytuan\wp-content\plugins\woocommerce\packages\woocommerce-admin\src\Schedulers\MailchimpScheduler.php on line 90

2021-12-17T16:48:47+00:00 CRITICAL Uncaught Error: Undefined constant "WP_ENVIRONMENT_TYPE" in C:\xampp\htdocs\duytuan\wp-content\plugins\woocommerce\packages\woocommerce-admin\src\Schedulers\MailchimpScheduler.php:90
Stack trace:
#0 C:\xampp\htdocs\duytuan\wp-content\plugins\woocommerce\packages\woocommerce-admin\src\Schedulers\MailchimpScheduler.php(90): constant('WP_ENVIRONMENT_...')
#1 C:\xampp\htdocs\duytuan\wp-content\plugins\woocommerce\packages\woocommerce-admin\src\Schedulers\MailchimpScheduler.php(58): Automattic\WooCommerce\Admin\Schedulers\MailchimpScheduler->make_request('haduytuan1994@g...')
#2 C:\xampp\htdocs\duytuan\wp-content\plugins\woocommerce\packages\woocommerce-admin\src\Events.php(109): Automattic\WooCommerce\Admin\Schedulers\MailchimpScheduler->run()
#3 C:\xampp\htdocs\duytuan\wp-includes\class-wp-hook.php(303): Automattic\WooCommerce\Admin\Events->do_wc_admin_daily()
#4 C:\xampp\htdocs\duytuan\wp-includes\class-wp-hook.php(327): WP_Hook->apply_filters('', Array)
#5 C:\xampp\htdocs\duytuan\wp-includes\plugin.php(518): WP_Hook->do_action(Array)
#6 C:\xampp\htdocs\duytuan\wp-cron.php(138): do_action_ref_array('wc_admin_daily', Array)
#7 {main}
  thrown in C:\xampp\htdocs\duytuan\wp-content\plugins\woocommerce\packages\woocommerce-admin\src\Schedulers\MailchimpScheduler.php on line 90

2021-12-17T16:49:55+00:00 CRITICAL Uncaught Error: Undefined constant "WP_ENVIRONMENT_TYPE" in C:\xampp\htdocs\duytuan\wp-content\plugins\woocommerce\packages\woocommerce-admin\src\Schedulers\MailchimpScheduler.php:90
Stack trace:
#0 C:\xampp\htdocs\duytuan\wp-content\plugins\woocommerce\packages\woocommerce-admin\src\Schedulers\MailchimpScheduler.php(90): constant('WP_ENVIRONMENT_...')
#1 C:\xampp\htdocs\duytuan\wp-content\plugins\woocommerce\packages\woocommerce-admin\src\Schedulers\MailchimpScheduler.php(58): Automattic\WooCommerce\Admin\Schedulers\MailchimpScheduler->make_request('haduytuan1994@g...')
#2 C:\xampp\htdocs\duytuan\wp-content\plugins\woocommerce\packages\woocommerce-admin\src\Events.php(109): Automattic\WooCommerce\Admin\Schedulers\MailchimpScheduler->run()
#3 C:\xampp\htdocs\duytuan\wp-includes\class-wp-hook.php(303): Automattic\WooCommerce\Admin\Events->do_wc_admin_daily()
#4 C:\xampp\htdocs\duytuan\wp-includes\class-wp-hook.php(327): WP_Hook->apply_filters('', Array)
#5 C:\xampp\htdocs\duytuan\wp-includes\plugin.php(518): WP_Hook->do_action(Array)
#6 C:\xampp\htdocs\duytuan\wp-cron.php(138): do_action_ref_array('wc_admin_daily', Array)
#7 {main}
  thrown in C:\xampp\htdocs\duytuan\wp-content\plugins\woocommerce\packages\woocommerce-admin\src\Schedulers\MailchimpScheduler.php on line 90

